c:\04cs257semantic db\backup-2012.09.07\backup\projsrc\sutoken\debug\sutoken.pch
c:\04cs257semantic db\backup-2012.09.07\backup\projsrc\sutoken\debug\vc120.pdb
c:\04cs257semantic db\backup-2012.09.07\backup\projsrc\sutoken\debug\vc120.idb
c:\04cs257semantic db\backup-2012.09.07\backup\projsrc\sutoken\debug\stdafx.obj
c:\04cs257semantic db\backup-2012.09.07\backup\projsrc\sutoken\debug\config.obj
c:\04cs257semantic db\backup-2012.09.07\backup\projsrc\sutoken\debug\datastorage.obj
c:\04cs257semantic db\backup-2012.09.07\backup\projsrc\sutoken\debug\freqlist.obj
c:\04cs257semantic db\backup-2012.09.07\backup\projsrc\sutoken\debug\p267_primitives.obj
c:\04cs257semantic db\backup-2012.09.07\backup\projsrc\sutoken\debug\porterstemmer.obj
c:\04cs257semantic db\backup-2012.09.07\backup\projsrc\sutoken\debug\sutoken.obj
c:\04cs257semantic db\backup-2012.09.07\backup\projsrc\sutoken\debug\threadmanager.obj
c:\04cs257semantic db\backup-2012.09.07\backup\projsrc\sutoken\debug\token.obj
c:\04cs257semantic db\backup-2012.09.07\backup\projsrc\sutoken\debug\tokenizerutils.obj
c:\04cs257semantic db\backup-2012.09.07\backup\projsrc\sutoken\debug\urlpage.obj
c:\04cs257semantic db\backup-2012.09.07\backup\projsrc\debug\sutoken.ilk
c:\04cs257semantic db\backup-2012.09.07\backup\projsrc\debug\sutoken.exe
c:\04cs257semantic db\backup-2012.09.07\backup\projsrc\debug\sutoken.pdb
c:\04cs257semantic db\backup-2012.09.07\backup\projsrc\sutoken\debug\sutoken1.res
c:\04cs257semantic db\backup-2012.09.07\backup\projsrc\sutoken\debug\msado15.tli
c:\04cs257semantic db\backup-2012.09.07\backup\projsrc\sutoken\debug\msado15.tlh
c:\04cs257semantic db\backup-2012.09.07\backup\projsrc\sutoken\debug\sutoken.tlog\cl.command.1.tlog
c:\04cs257semantic db\backup-2012.09.07\backup\projsrc\sutoken\debug\sutoken.tlog\cl.read.1.tlog
c:\04cs257semantic db\backup-2012.09.07\backup\projsrc\sutoken\debug\sutoken.tlog\cl.write.1.tlog
c:\04cs257semantic db\backup-2012.09.07\backup\projsrc\sutoken\debug\sutoken.tlog\link.command.1.tlog
c:\04cs257semantic db\backup-2012.09.07\backup\projsrc\sutoken\debug\sutoken.tlog\link.read.1.tlog
c:\04cs257semantic db\backup-2012.09.07\backup\projsrc\sutoken\debug\sutoken.tlog\link.write.1.tlog
c:\04cs257semantic db\backup-2012.09.07\backup\projsrc\sutoken\debug\sutoken.tlog\rc.command.1.tlog
c:\04cs257semantic db\backup-2012.09.07\backup\projsrc\sutoken\debug\sutoken.tlog\rc.read.1.tlog
c:\04cs257semantic db\backup-2012.09.07\backup\projsrc\sutoken\debug\sutoken.tlog\rc.write.1.tlog
