E:\CS267\PROJSRC\RELEASE\SUTOKEN.EXE
E:\CS267\PROJSRC\RELEASE\SUTOKEN.PDB
E:\CS267\projsrc\sutoken\Release\cl.command.1.tlog
E:\CS267\projsrc\sutoken\Release\CL.read.1.tlog
E:\CS267\projsrc\sutoken\Release\CL.write.1.tlog
E:\CS267\PROJSRC\SUTOKEN\RELEASE\CONFIG.OBJ
E:\CS267\PROJSRC\SUTOKEN\RELEASE\DATASTORAGE.OBJ
E:\CS267\PROJSRC\SUTOKEN\RELEASE\FREQLIST.OBJ
E:\CS267\projsrc\sutoken\Release\link.command.1.tlog
E:\CS267\projsrc\sutoken\Release\link.read.1.tlog
E:\CS267\projsrc\sutoken\Release\link.write.1.tlog
E:\CS267\projsrc\sutoken\Release\link-cvtres.read.1.tlog
E:\CS267\projsrc\sutoken\Release\link-cvtres.write.1.tlog
E:\CS267\projsrc\sutoken\Release\msado15.tlh
E:\CS267\projsrc\sutoken\Release\msado15.tli
E:\CS267\projsrc\sutoken\Release\mt.command.1.tlog
E:\CS267\projsrc\sutoken\Release\mt.read.1.tlog
E:\CS267\projsrc\sutoken\Release\mt.write.1.tlog
E:\CS267\PROJSRC\SUTOKEN\RELEASE\P267_PRIMITIVES.OBJ
E:\CS267\PROJSRC\SUTOKEN\RELEASE\PORTERSTEMMER.OBJ
E:\CS267\projsrc\sutoken\Release\rc.command.1.tlog
E:\CS267\projsrc\sutoken\Release\rc.read.1.tlog
E:\CS267\projsrc\sutoken\Release\rc.write.1.tlog
E:\CS267\PROJSRC\SUTOKEN\RELEASE\STDAFX.OBJ
E:\CS267\PROJSRC\SUTOKEN\RELEASE\SUTOKEN.EXE.INTERMEDIATE.MANIFEST
E:\CS267\PROJSRC\SUTOKEN\RELEASE\SUTOKEN.OBJ
E:\CS267\PROJSRC\SUTOKEN\RELEASE\SUTOKEN.PCH
E:\CS267\PROJSRC\SUTOKEN\RELEASE\SUTOKEN1.RES
E:\CS267\PROJSRC\SUTOKEN\RELEASE\THREADMANAGER.OBJ
E:\CS267\PROJSRC\SUTOKEN\RELEASE\TOKEN.OBJ
E:\CS267\PROJSRC\SUTOKEN\RELEASE\TOKENIZERUTILS.OBJ
E:\CS267\PROJSRC\SUTOKEN\RELEASE\URLPAGE.OBJ
E:\CS267\PROJSRC\SUTOKEN\RELEASE\VC100.PDB
